{"C:\\Users\\USER\\Documents\\GitHub\\postbot\\admin\\src\\App.jsx": {"path":"C:\\Users\\USER\\Documents\\GitHub\\postbot\\admin\\src\\App.jsx","statementMap":{"0":{"start":{"line":22,"column":14},"end":{"line":22,"column":27}},"1":{"start":{"line":25,"column":26},"end":{"line":25,"column":38}},"2":{"start":{"line":26,"column":34},"end":{"line":26,"column":48}},"3":{"start":{"line":27,"column":32},"end":{"line":27,"column":47}},"4":{"start":{"line":28,"column":27},"end":{"line":28,"column":89}},"5":{"start":{"line":29,"column":26},"end":{"line":29,"column":37}},"6":{"start":{"line":30,"column":28},"end":{"line":30,"column":44}},"7":{"start":{"line":31,"column":18},"end":{"line":31,"column":30}},"8":{"start":{"line":34,"column":4},"end":{"line":34,"column":20}},"9":{"start":{"line":35,"column":4},"end":{"line":40,"column":35}},"10":{"start":{"line":36,"column":18},"end":{"line":36,"column":49}},"11":{"start":{"line":37,"column":6},"end":{"line":37,"column":29}},"12":{"start":{"line":39,"column":6},"end":{"line":39,"column":22}},"13":{"start":{"line":40,"column":16},"end":{"line":40,"column":33}},"14":{"start":{"line":46,"column":14},"end":{"line":46,"column":30}},"15":{"start":{"line":47,"column":4},"end":{"line":47,"column":18}},"16":{"start":{"line":51,"column":4},"end":{"line":51,"column":21}},"17":{"start":{"line":52,"column":4},"end":{"line":52,"column":18}},"18":{"start":{"line":56,"column":4},"end":{"line":60,"column":36}},"19":{"start":{"line":57,"column":6},"end":{"line":57,"column":24}},"20":{"start":{"line":58,"column":6},"end":{"line":58,"column":21}},"21":{"start":{"line":59,"column":6},"end":{"line":59,"column":59}},"22":{"start":{"line":59,"column":42},"end":{"line":59,"column":59}},"23":{"start":{"line":60,"column":18},"end":{"line":60,"column":34}},"24":{"start":{"line":64,"column":4},"end":{"line":68,"column":36}},"25":{"start":{"line":65,"column":6},"end":{"line":65,"column":25}},"26":{"start":{"line":66,"column":6},"end":{"line":66,"column":21}},"27":{"start":{"line":67,"column":6},"end":{"line":67,"column":59}},"28":{"start":{"line":67,"column":42},"end":{"line":67,"column":59}},"29":{"start":{"line":68,"column":18},"end":{"line":68,"column":34}},"30":{"start":{"line":71,"column":24},"end":{"line":71,"column":56}},"31":{"start":{"line":71,"column":37},"end":{"line":71,"column":55}},"32":{"start":{"line":72,"column":24},"end":{"line":72,"column":43}},"33":{"start":{"line":72,"column":37},"end":{"line":72,"column":42}},"34":{"start":{"line":75,"column":19},"end":{"line":87,"column":5}},"35":{"start":{"line":88,"column":4},"end":{"line":88,"column":23}},"36":{"start":{"line":92,"column":19},"end":{"line":99,"column":5}},"37":{"start":{"line":100,"column":4},"end":{"line":100,"column":23}},"38":{"start":{"line":105,"column":4},"end":{"line":115,"column":5}},"39":{"start":{"line":106,"column":16},"end":{"line":106,"column":68}},"40":{"start":{"line":107,"column":18},"end":{"line":107,"column":111}},"41":{"start":{"line":108,"column":6},"end":{"line":108,"column":59}},"42":{"start":{"line":108,"column":19},"end":{"line":108,"column":59}},"43":{"start":{"line":109,"column":19},"end":{"line":109,"column":35}},"44":{"start":{"line":110,"column":18},"end":{"line":110,"column":43}},"45":{"start":{"line":111,"column":6},"end":{"line":111,"column":32}},"46":{"start":{"line":113,"column":6},"end":{"line":113,"column":24}},"47":{"start":{"line":114,"column":6},"end":{"line":114,"column":66}},"48":{"start":{"line":118,"column":2},"end":{"line":228,"column":3}},"49":{"start":{"line":128,"column":55},"end":{"line":128,"column":65}},"50":{"start":{"line":128,"column":66},"end":{"line":128,"column":82}},"51":{"start":{"line":129,"column":53},"end":{"line":129,"column":78}},"52":{"start":{"line":130,"column":90},"end":{"line":130,"column":112}},"53":{"start":{"line":132,"column":53},"end":{"line":132,"column":72}},"54":{"start":{"line":133,"column":53},"end":{"line":133,"column":70}},"55":{"start":{"line":134,"column":53},"end":{"line":134,"column":80}},"56":{"start":{"line":154,"column":24},"end":{"line":163,"column":35}},"57":{"start":{"line":159,"column":64},"end":{"line":159,"column":77}},"58":{"start":{"line":160,"column":79},"end":{"line":160,"column":92}},"59":{"start":{"line":161,"column":79},"end":{"line":161,"column":93}},"60":{"start":{"line":187,"column":26},"end":{"line":200,"column":53}},"61":{"start":{"line":188,"column":42},"end":{"line":188,"column":80}},"62":{"start":{"line":189,"column":39},"end":{"line":189,"column":62}},"63":{"start":{"line":190,"column":28},"end":{"line":199,"column":51}},"64":{"start":{"line":191,"column":30},"end":{"line":198,"column":66}},"65":{"start":{"line":192,"column":42},"end":{"line":192,"column":94}},"66":{"start":{"line":193,"column":44},"end":{"line":193,"column":131}},"67":{"start":{"line":194,"column":32},"end":{"line":194,"column":76}},"68":{"start":{"line":194,"column":45},"end":{"line":194,"column":76}},"69":{"start":{"line":195,"column":45},"end":{"line":195,"column":61}},"70":{"start":{"line":196,"column":44},"end":{"line":196,"column":69}},"71":{"start":{"line":197,"column":32},"end":{"line":197,"column":58}},"72":{"start":{"line":198,"column":46},"end":{"line":198,"column":64}},"73":{"start":{"line":200,"column":40},"end":{"line":200,"column":51}},"74":{"start":{"line":203,"column":36},"end":{"line":203,"column":54}},"75":{"start":{"line":204,"column":44},"end":{"line":204,"column":58}},"76":{"start":{"line":205,"column":39},"end":{"line":205,"column":119}},"77":{"start":{"line":206,"column":26},"end":{"line":212,"column":27}}},"fnMap":{"0":{"name":"App","decl":{"start":{"line":24,"column":24},"end":{"line":24,"column":27}},"loc":{"start":{"line":24,"column":30},"end":{"line":229,"column":1}},"line":24},"1":{"name":"refresh","decl":{"start":{"line":33,"column":17},"end":{"line":33,"column":24}},"loc":{"start":{"line":33,"column":27},"end":{"line":41,"column":3}},"line":33},"2":{"name":"showJob","decl":{"start":{"line":45,"column":17},"end":{"line":45,"column":24}},"loc":{"start":{"line":45,"column":29},"end":{"line":48,"column":3}},"line":45},"3":{"name":"saveKey","decl":{"start":{"line":50,"column":11},"end":{"line":50,"column":18}},"loc":{"start":{"line":50,"column":21},"end":{"line":53,"column":3}},"line":50},"4":{"name":"doRetry","decl":{"start":{"line":55,"column":17},"end":{"line":55,"column":24}},"loc":{"start":{"line":55,"column":29},"end":{"line":61,"column":3}},"line":55},"5":{"name":"doRemove","decl":{"start":{"line":63,"column":17},"end":{"line":63,"column":25}},"loc":{"start":{"line":63,"column":30},"end":{"line":69,"column":3}},"line":63},"6":{"name":"prevPage","decl":{"start":{"line":71,"column":11},"end":{"line":71,"column":19}},"loc":{"start":{"line":71,"column":22},"end":{"line":71,"column":58}},"line":71},"7":{"name":"(anonymous_7)","decl":{"start":{"line":71,"column":32},"end":{"line":71,"column":33}},"loc":{"start":{"line":71,"column":37},"end":{"line":71,"column":55}},"line":71},"8":{"name":"nextPage","decl":{"start":{"line":72,"column":11},"end":{"line":72,"column":19}},"loc":{"start":{"line":72,"column":22},"end":{"line":72,"column":45}},"line":72},"9":{"name":"(anonymous_9)","decl":{"start":{"line":72,"column":32},"end":{"line":72,"column":33}},"loc":{"start":{"line":72,"column":37},"end":{"line":72,"column":42}},"line":72},"10":{"name":"simulatePresigned","decl":{"start":{"line":74,"column":11},"end":{"line":74,"column":28}},"loc":{"start":{"line":74,"column":31},"end":{"line":89,"column":3}},"line":74},"11":{"name":"simulateOutPath","decl":{"start":{"line":91,"column":11},"end":{"line":91,"column":26}},"loc":{"start":{"line":91,"column":29},"end":{"line":101,"column":3}},"line":91},"12":{"name":"simulateAdminStaticRender","decl":{"start":{"line":104,"column":17},"end":{"line":104,"column":42}},"loc":{"start":{"line":104,"column":45},"end":{"line":116,"column":3}},"line":104},"13":{"name":"(anonymous_13)","decl":{"start":{"line":128,"column":47},"end":{"line":128,"column":48}},"loc":{"start":{"line":128,"column":53},"end":{"line":128,"column":84}},"line":128},"14":{"name":"(anonymous_14)","decl":{"start":{"line":129,"column":47},"end":{"line":129,"column":48}},"loc":{"start":{"line":129,"column":53},"end":{"line":129,"column":78}},"line":129},"15":{"name":"(anonymous_15)","decl":{"start":{"line":130,"column":85},"end":{"line":130,"column":86}},"loc":{"start":{"line":130,"column":90},"end":{"line":130,"column":112}},"line":130},"16":{"name":"(anonymous_16)","decl":{"start":{"line":132,"column":47},"end":{"line":132,"column":48}},"loc":{"start":{"line":132,"column":53},"end":{"line":132,"column":72}},"line":132},"17":{"name":"(anonymous_17)","decl":{"start":{"line":133,"column":47},"end":{"line":133,"column":48}},"loc":{"start":{"line":133,"column":53},"end":{"line":133,"column":70}},"line":133},"18":{"name":"(anonymous_18)","decl":{"start":{"line":134,"column":47},"end":{"line":134,"column":48}},"loc":{"start":{"line":134,"column":53},"end":{"line":134,"column":80}},"line":134},"19":{"name":"(anonymous_19)","decl":{"start":{"line":153,"column":32},"end":{"line":153,"column":33}},"loc":{"start":{"line":154,"column":24},"end":{"line":163,"column":35}},"line":154},"20":{"name":"(anonymous_20)","decl":{"start":{"line":159,"column":58},"end":{"line":159,"column":59}},"loc":{"start":{"line":159,"column":64},"end":{"line":159,"column":77}},"line":159},"21":{"name":"(anonymous_21)","decl":{"start":{"line":160,"column":73},"end":{"line":160,"column":74}},"loc":{"start":{"line":160,"column":79},"end":{"line":160,"column":92}},"line":160},"22":{"name":"(anonymous_22)","decl":{"start":{"line":161,"column":73},"end":{"line":161,"column":74}},"loc":{"start":{"line":161,"column":79},"end":{"line":161,"column":93}},"line":161},"23":{"name":"(anonymous_23)","decl":{"start":{"line":186,"column":71},"end":{"line":186,"column":72}},"loc":{"start":{"line":186,"column":77},"end":{"line":201,"column":25}},"line":186},"24":{"name":"(anonymous_24)","decl":{"start":{"line":190,"column":81},"end":{"line":190,"column":82}},"loc":{"start":{"line":190,"column":93},"end":{"line":199,"column":29}},"line":190},"25":{"name":"(anonymous_25)","decl":{"start":{"line":202,"column":66},"end":{"line":202,"column":67}},"loc":{"start":{"line":202,"column":72},"end":{"line":213,"column":25}},"line":202}},"branchMap":{"0":{"loc":{"start":{"line":28,"column":36},"end":{"line":28,"column":88}},"type":"binary-expr","locations":[{"start":{"line":28,"column":36},"end":{"line":28,"column":82}},{"start":{"line":28,"column":86},"end":{"line":28,"column":88}}],"line":28},"1":{"loc":{"start":{"line":37,"column":14},"end":{"line":37,"column":28}},"type":"binary-expr","locations":[{"start":{"line":37,"column":14},"end":{"line":37,"column":22}},{"start":{"line":37,"column":26},"end":{"line":37,"column":28}}],"line":37},"2":{"loc":{"start":{"line":59,"column":6},"end":{"line":59,"column":59}},"type":"if","locations":[{"start":{"line":59,"column":6},"end":{"line":59,"column":59}},{"start":{},"end":{}}],"line":59},"3":{"loc":{"start":{"line":59,"column":10},"end":{"line":59,"column":40}},"type":"binary-expr","locations":[{"start":{"line":59,"column":10},"end":{"line":59,"column":18}},{"start":{"line":59,"column":22},"end":{"line":59,"column":40}}],"line":59},"4":{"loc":{"start":{"line":67,"column":6},"end":{"line":67,"column":59}},"type":"if","locations":[{"start":{"line":67,"column":6},"end":{"line":67,"column":59}},{"start":{},"end":{}}],"line":67},"5":{"loc":{"start":{"line":67,"column":10},"end":{"line":67,"column":40}},"type":"binary-expr","locations":[{"start":{"line":67,"column":10},"end":{"line":67,"column":18}},{"start":{"line":67,"column":22},"end":{"line":67,"column":40}}],"line":67},"6":{"loc":{"start":{"line":106,"column":16},"end":{"line":106,"column":68}},"type":"binary-expr","locations":[{"start":{"line":106,"column":16},"end":{"line":106,"column":62}},{"start":{"line":106,"column":66},"end":{"line":106,"column":68}}],"line":106},"7":{"loc":{"start":{"line":107,"column":81},"end":{"line":107,"column":108}},"type":"cond-expr","locations":[{"start":{"line":107,"column":85},"end":{"line":107,"column":103}},{"start":{"line":107,"column":106},"end":{"line":107,"column":108}}],"line":107},"8":{"loc":{"start":{"line":108,"column":6},"end":{"line":108,"column":59}},"type":"if","locations":[{"start":{"line":108,"column":6},"end":{"line":108,"column":59}},{"start":{},"end":{}}],"line":108},"9":{"loc":{"start":{"line":114,"column":46},"end":{"line":114,"column":64}},"type":"binary-expr","locations":[{"start":{"line":114,"column":46},"end":{"line":114,"column":49}},{"start":{"line":114,"column":53},"end":{"line":114,"column":64}}],"line":114},"10":{"loc":{"start":{"line":128,"column":106},"end":{"line":128,"column":140}},"type":"cond-expr","locations":[{"start":{"line":128,"column":116},"end":{"line":128,"column":131}},{"start":{"line":128,"column":134},"end":{"line":128,"column":140}}],"line":128},"11":{"loc":{"start":{"line":139,"column":11},"end":{"line":223,"column":11}},"type":"cond-expr","locations":[{"start":{"line":140,"column":12},"end":{"line":220,"column":15}},{"start":{"line":222,"column":12},"end":{"line":222,"column":28}}],"line":139},"12":{"loc":{"start":{"line":178,"column":19},"end":{"line":217,"column":61}},"type":"cond-expr","locations":[{"start":{"line":179,"column":20},"end":{"line":216,"column":26}},{"start":{"line":217,"column":22},"end":{"line":217,"column":61}}],"line":178},"13":{"loc":{"start":{"line":186,"column":25},"end":{"line":201,"column":35}},"type":"cond-expr","locations":[{"start":{"line":186,"column":70},"end":{"line":201,"column":28}},{"start":{"line":201,"column":31},"end":{"line":201,"column":35}}],"line":186},"14":{"loc":{"start":{"line":186,"column":25},"end":{"line":186,"column":67}},"type":"binary-expr","locations":[{"start":{"line":186,"column":25},"end":{"line":186,"column":40}},{"start":{"line":186,"column":44},"end":{"line":186,"column":67}}],"line":186},"15":{"loc":{"start":{"line":192,"column":42},"end":{"line":192,"column":94}},"type":"binary-expr","locations":[{"start":{"line":192,"column":42},"end":{"line":192,"column":88}},{"start":{"line":192,"column":92},"end":{"line":192,"column":94}}],"line":192},"16":{"loc":{"start":{"line":193,"column":101},"end":{"line":193,"column":128}},"type":"cond-expr","locations":[{"start":{"line":193,"column":105},"end":{"line":193,"column":123}},{"start":{"line":193,"column":126},"end":{"line":193,"column":128}}],"line":193},"17":{"loc":{"start":{"line":194,"column":32},"end":{"line":194,"column":76}},"type":"if","locations":[{"start":{"line":194,"column":32},"end":{"line":194,"column":76}},{"start":{},"end":{}}],"line":194},"18":{"loc":{"start":{"line":202,"column":25},"end":{"line":213,"column":35}},"type":"cond-expr","locations":[{"start":{"line":202,"column":65},"end":{"line":213,"column":28}},{"start":{"line":213,"column":31},"end":{"line":213,"column":35}}],"line":202},"19":{"loc":{"start":{"line":202,"column":25},"end":{"line":202,"column":62}},"type":"binary-expr","locations":[{"start":{"line":202,"column":25},"end":{"line":202,"column":40}},{"start":{"line":202,"column":44},"end":{"line":202,"column":62}}],"line":202},"20":{"loc":{"start":{"line":205,"column":39},"end":{"line":205,"column":119}},"type":"binary-expr","locations":[{"start":{"line":205,"column":39},"end":{"line":205,"column":48}},{"start":{"line":205,"column":52},"end":{"line":205,"column":119}}],"line":205},"21":{"loc":{"start":{"line":210,"column":31},"end":{"line":210,"column":145}},"type":"cond-expr","locations":[{"start":{"line":210,"column":59},"end":{"line":210,"column":137}},{"start":{"line":210,"column":141},"end":{"line":210,"column":145}}],"line":210},"22":{"loc":{"start":{"line":210,"column":31},"end":{"line":210,"column":55}},"type":"binary-expr","locations":[{"start":{"line":210,"column":31},"end":{"line":210,"column":40}},{"start":{"line":210,"column":44},"end":{"line":210,"column":55}}],"line":210}},"s":{"0":1,"1":4,"2":4,"3":4,"4":4,"5":4,"6":4,"7":4,"8":0,"9":0,"10":0,"11":0,"12":0,"13":0,"14":0,"15":0,"16":0,"17":0,"18":0,"19":0,"20":0,"21":0,"22":0,"23":0,"24":0,"25":0,"26":0,"27":0,"28":0,"29":0,"30":0,"31":0,"32":0,"33":0,"34":1,"35":1,"36":1,"37":1,"38":0,"39":0,"40":0,"41":0,"42":0,"43":0,"44":0,"45":0,"46":0,"47":0,"48":4,"49":0,"50":0,"51":0,"52":0,"53":1,"54":1,"55":0,"56":0,"57":0,"58":0,"59":0,"60":1,"61":1,"62":1,"63":1,"64":0,"65":0,"66":0,"67":0,"68":0,"69":0,"70":0,"71":0,"72":0,"73":0,"74":1,"75":1,"76":1,"77":1},"f":{"0":4,"1":0,"2":0,"3":0,"4":0,"5":0,"6":0,"7":0,"8":0,"9":0,"10":1,"11":1,"12":0,"13":0,"14":0,"15":0,"16":1,"17":1,"18":0,"19":0,"20":0,"21":0,"22":0,"23":1,"24":0,"25":1},"b":{"0":[4,4],"1":[0,0],"2":[0,0],"3":[0,0],"4":[0,0],"5":[0,0],"6":[0,0],"7":[0,0],"8":[0,0],"9":[0,0],"10":[0,4],"11":[4,0],"12":[2,2],"13":[1,1],"14":[2,2],"15":[0,0],"16":[0,0],"17":[0,0],"18":[1,1],"19":[2,2],"20":[1,0],"21":[1,0],"22":[1,1]},"_coverageSchema":"1a1c01bbd47fc00a2c39e90264f33305004495a9","hash":"2781378b50b6d4a7021d06200d0740dc02c5834b"}
,"C:\\Users\\USER\\Documents\\GitHub\\postbot\\admin\\src\\RenderPlayer.jsx": {"path":"C:\\Users\\USER\\Documents\\GitHub\\postbot\\admin\\src\\RenderPlayer.jsx","statementMap":{"0":{"start":{"line":23,"column":36},"end":{"line":23,"column":48}},"1":{"start":{"line":24,"column":38},"end":{"line":24,"column":53}},"2":{"start":{"line":25,"column":38},"end":{"line":25,"column":50}},"3":{"start":{"line":26,"column":38},"end":{"line":26,"column":62}},"4":{"start":{"line":27,"column":48},"end":{"line":27,"column":62}},"5":{"start":{"line":28,"column":50},"end":{"line":28,"column":64}},"6":{"start":{"line":29,"column":42},"end":{"line":29,"column":56}},"7":{"start":{"line":30,"column":40},"end":{"line":30,"column":54}},"8":{"start":{"line":31,"column":42},"end":{"line":31,"column":54}},"9":{"start":{"line":32,"column":44},"end":{"line":32,"column":62}},"10":{"start":{"line":34,"column":2},"end":{"line":34,"column":43}},"11":{"start":{"line":34,"column":20},"end":{"line":34,"column":36}},"12":{"start":{"line":37,"column":2},"end":{"line":50,"column":18}},"13":{"start":{"line":38,"column":4},"end":{"line":41,"column":5}},"14":{"start":{"line":39,"column":6},"end":{"line":39,"column":31}},"15":{"start":{"line":40,"column":6},"end":{"line":40,"column":12}},"16":{"start":{"line":42,"column":4},"end":{"line":49,"column":5}},"17":{"start":{"line":43,"column":21},"end":{"line":43,"column":43}},"18":{"start":{"line":44,"column":6},"end":{"line":44,"column":29}},"19":{"start":{"line":45,"column":6},"end":{"line":45,"column":31}},"20":{"start":{"line":47,"column":6},"end":{"line":47,"column":27}},"21":{"start":{"line":48,"column":6},"end":{"line":48,"column":53}},"22":{"start":{"line":53,"column":4},"end":{"line":53,"column":23}},"23":{"start":{"line":54,"column":4},"end":{"line":63,"column":38}},"24":{"start":{"line":55,"column":16},"end":{"line":55,"column":68}},"25":{"start":{"line":56,"column":18},"end":{"line":56,"column":85}},"26":{"start":{"line":57,"column":6},"end":{"line":57,"column":62}},"27":{"start":{"line":57,"column":19},"end":{"line":57,"column":62}},"28":{"start":{"line":58,"column":16},"end":{"line":58,"column":32}},"29":{"start":{"line":59,"column":6},"end":{"line":59,"column":37}},"30":{"start":{"line":61,"column":6},"end":{"line":61,"column":22}},"31":{"start":{"line":62,"column":6},"end":{"line":62,"column":81}},"32":{"start":{"line":63,"column":16},"end":{"line":63,"column":36}},"33":{"start":{"line":67,"column":4},"end":{"line":77,"column":5}},"34":{"start":{"line":68,"column":6},"end":{"line":68,"column":30}},"35":{"start":{"line":69,"column":16},"end":{"line":69,"column":68}},"36":{"start":{"line":70,"column":18},"end":{"line":70,"column":207}},"37":{"start":{"line":71,"column":6},"end":{"line":71,"column":51}},"38":{"start":{"line":71,"column":19},"end":{"line":71,"column":51}},"39":{"start":{"line":72,"column":19},"end":{"line":72,"column":35}},"40":{"start":{"line":73,"column":18},"end":{"line":73,"column":43}},"41":{"start":{"line":74,"column":6},"end":{"line":74,"column":29}},"42":{"start":{"line":76,"column":6},"end":{"line":76,"column":69}},"43":{"start":{"line":81,"column":4},"end":{"line":81,"column":23}},"44":{"start":{"line":82,"column":4},"end":{"line":92,"column":5}},"45":{"start":{"line":83,"column":16},"end":{"line":83,"column":44}},"46":{"start":{"line":84,"column":6},"end":{"line":84,"column":22}},"47":{"start":{"line":85,"column":6},"end":{"line":85,"column":26}},"48":{"start":{"line":86,"column":6},"end":{"line":86,"column":31}},"49":{"start":{"line":87,"column":6},"end":{"line":87,"column":24}},"50":{"start":{"line":89,"column":6},"end":{"line":89,"column":23}},"51":{"start":{"line":90,"column":6},"end":{"line":90,"column":27}},"52":{"start":{"line":91,"column":6},"end":{"line":91,"column":57}},"53":{"start":{"line":93,"column":4},"end":{"line":93,"column":24}},"54":{"start":{"line":97,"column":4},"end":{"line":97,"column":24}},"55":{"start":{"line":98,"column":4},"end":{"line":98,"column":21}},"56":{"start":{"line":99,"column":4},"end":{"line":99,"column":33}},"57":{"start":{"line":100,"column":4},"end":{"line":100,"column":25}},"58":{"start":{"line":101,"column":4},"end":{"line":101,"column":29}},"59":{"start":{"line":105,"column":14},"end":{"line":105,"column":42}},"60":{"start":{"line":106,"column":14},"end":{"line":106,"column":39}},"61":{"start":{"line":107,"column":4},"end":{"line":114,"column":5}},"62":{"start":{"line":108,"column":6},"end":{"line":108,"column":35}},"63":{"start":{"line":109,"column":18},"end":{"line":109,"column":49}},"64":{"start":{"line":110,"column":6},"end":{"line":110,"column":25}},"65":{"start":{"line":111,"column":6},"end":{"line":111,"column":38}},"66":{"start":{"line":113,"column":6},"end":{"line":113,"column":82}},"67":{"start":{"line":119,"column":15},"end":{"line":119,"column":65}},"68":{"start":{"line":120,"column":4},"end":{"line":120,"column":19}},"69":{"start":{"line":120,"column":13},"end":{"line":120,"column":19}},"70":{"start":{"line":121,"column":4},"end":{"line":130,"column":5}},"71":{"start":{"line":122,"column":16},"end":{"line":122,"column":68}},"72":{"start":{"line":123,"column":18},"end":{"line":123,"column":131}},"73":{"start":{"line":124,"column":6},"end":{"line":124,"column":51}},"74":{"start":{"line":124,"column":19},"end":{"line":124,"column":51}},"75":{"start":{"line":125,"column":6},"end":{"line":125,"column":52}},"76":{"start":{"line":126,"column":6},"end":{"line":126,"column":28}},"77":{"start":{"line":128,"column":6},"end":{"line":128,"column":22}},"78":{"start":{"line":129,"column":6},"end":{"line":129,"column":69}},"79":{"start":{"line":134,"column":4},"end":{"line":149,"column":5}},"80":{"start":{"line":135,"column":6},"end":{"line":138,"column":7}},"81":{"start":{"line":136,"column":8},"end":{"line":136,"column":62}},"82":{"start":{"line":137,"column":8},"end":{"line":137,"column":14}},"83":{"start":{"line":139,"column":19},"end":{"line":139,"column":47}},"84":{"start":{"line":140,"column":16},"end":{"line":140,"column":68}},"85":{"start":{"line":141,"column":18},"end":{"line":141,"column":212}},"86":{"start":{"line":142,"column":6},"end":{"line":142,"column":49}},"87":{"start":{"line":142,"column":19},"end":{"line":142,"column":49}},"88":{"start":{"line":143,"column":6},"end":{"line":143,"column":50}},"89":{"start":{"line":144,"column":6},"end":{"line":144,"column":18}},"90":{"start":{"line":145,"column":6},"end":{"line":145,"column":28}},"91":{"start":{"line":147,"column":6},"end":{"line":147,"column":22}},"92":{"start":{"line":148,"column":6},"end":{"line":148,"column":67}},"93":{"start":{"line":152,"column":2},"end":{"line":225,"column":3}},"94":{"start":{"line":167,"column":16},"end":{"line":187,"column":33}},"95":{"start":{"line":170,"column":95},"end":{"line":170,"column":121}},"96":{"start":{"line":173,"column":91},"end":{"line":173,"column":122}},"97":{"start":{"line":176,"column":91},"end":{"line":176,"column":115}},"98":{"start":{"line":179,"column":95},"end":{"line":179,"column":117}},"99":{"start":{"line":197,"column":76},"end":{"line":197,"column":105}},"100":{"start":{"line":202,"column":86},"end":{"line":202,"column":115}}},"fnMap":{"0":{"name":"RenderPlayer","decl":{"start":{"line":22,"column":24},"end":{"line":22,"column":36}},"loc":{"start":{"line":22,"column":39},"end":{"line":226,"column":1}},"line":22},"1":{"name":"(anonymous_1)","decl":{"start":{"line":34,"column":12},"end":{"line":34,"column":13}},"loc":{"start":{"line":34,"column":18},"end":{"line":34,"column":38}},"line":34},"2":{"name":"(anonymous_2)","decl":{"start":{"line":37,"column":12},"end":{"line":37,"column":13}},"loc":{"start":{"line":37,"column":18},"end":{"line":50,"column":3}},"line":37},"3":{"name":"fetchTemplates","decl":{"start":{"line":52,"column":17},"end":{"line":52,"column":31}},"loc":{"start":{"line":52,"column":34},"end":{"line":64,"column":3}},"line":52},"4":{"name":"renderTemplate","decl":{"start":{"line":66,"column":17},"end":{"line":66,"column":31}},"loc":{"start":{"line":66,"column":37},"end":{"line":78,"column":3}},"line":66},"5":{"name":"loadForEdit","decl":{"start":{"line":80,"column":11},"end":{"line":80,"column":22}},"loc":{"start":{"line":80,"column":34},"end":{"line":94,"column":3}},"line":80},"6":{"name":"cancelEdit","decl":{"start":{"line":96,"column":11},"end":{"line":96,"column":21}},"loc":{"start":{"line":96,"column":24},"end":{"line":102,"column":3}},"line":96},"7":{"name":"viewTemplate","decl":{"start":{"line":104,"column":11},"end":{"line":104,"column":23}},"loc":{"start":{"line":104,"column":29},"end":{"line":115,"column":3}},"line":104},"8":{"name":"deleteTemplate","decl":{"start":{"line":117,"column":17},"end":{"line":117,"column":31}},"loc":{"start":{"line":117,"column":38},"end":{"line":131,"column":3}},"line":117},"9":{"name":"importAndSave","decl":{"start":{"line":133,"column":17},"end":{"line":133,"column":30}},"loc":{"start":{"line":133,"column":33},"end":{"line":150,"column":3}},"line":133},"10":{"name":"(anonymous_10)","decl":{"start":{"line":166,"column":29},"end":{"line":166,"column":30}},"loc":{"start":{"line":167,"column":16},"end":{"line":187,"column":33}},"line":167},"11":{"name":"(anonymous_11)","decl":{"start":{"line":170,"column":89},"end":{"line":170,"column":90}},"loc":{"start":{"line":170,"column":95},"end":{"line":170,"column":121}},"line":170},"12":{"name":"(anonymous_12)","decl":{"start":{"line":173,"column":85},"end":{"line":173,"column":86}},"loc":{"start":{"line":173,"column":91},"end":{"line":173,"column":122}},"line":173},"13":{"name":"(anonymous_13)","decl":{"start":{"line":176,"column":85},"end":{"line":176,"column":86}},"loc":{"start":{"line":176,"column":91},"end":{"line":176,"column":115}},"line":176},"14":{"name":"(anonymous_14)","decl":{"start":{"line":179,"column":89},"end":{"line":179,"column":90}},"loc":{"start":{"line":179,"column":95},"end":{"line":179,"column":117}},"line":179},"15":{"name":"(anonymous_15)","decl":{"start":{"line":197,"column":71},"end":{"line":197,"column":72}},"loc":{"start":{"line":197,"column":76},"end":{"line":197,"column":105}},"line":197},"16":{"name":"(anonymous_16)","decl":{"start":{"line":202,"column":81},"end":{"line":202,"column":82}},"loc":{"start":{"line":202,"column":86},"end":{"line":202,"column":115}},"line":202}},"branchMap":{"0":{"loc":{"start":{"line":38,"column":4},"end":{"line":41,"column":5}},"type":"if","locations":[{"start":{"line":38,"column":4},"end":{"line":41,"column":5}},{"start":{},"end":{}}],"line":38},"1":{"loc":{"start":{"line":38,"column":8},"end":{"line":38,"column":47}},"type":"binary-expr","locations":[{"start":{"line":38,"column":8},"end":{"line":38,"column":19}},{"start":{"line":38,"column":23},"end":{"line":38,"column":47}}],"line":38},"2":{"loc":{"start":{"line":48,"column":26},"end":{"line":48,"column":52}},"type":"binary-expr","locations":[{"start":{"line":48,"column":26},"end":{"line":48,"column":37}},{"start":{"line":48,"column":41},"end":{"line":48,"column":52}}],"line":48},"3":{"loc":{"start":{"line":55,"column":16},"end":{"line":55,"column":68}},"type":"binary-expr","locations":[{"start":{"line":55,"column":16},"end":{"line":55,"column":62}},{"start":{"line":55,"column":66},"end":{"line":55,"column":68}}],"line":55},"4":{"loc":{"start":{"line":56,"column":55},"end":{"line":56,"column":82}},"type":"cond-expr","locations":[{"start":{"line":56,"column":59},"end":{"line":56,"column":77}},{"start":{"line":56,"column":80},"end":{"line":56,"column":82}}],"line":56},"5":{"loc":{"start":{"line":57,"column":6},"end":{"line":57,"column":62}},"type":"if","locations":[{"start":{"line":57,"column":6},"end":{"line":57,"column":62}},{"start":{},"end":{}}],"line":57},"6":{"loc":{"start":{"line":59,"column":19},"end":{"line":59,"column":36}},"type":"binary-expr","locations":[{"start":{"line":59,"column":19},"end":{"line":59,"column":30}},{"start":{"line":59,"column":34},"end":{"line":59,"column":36}}],"line":59},"7":{"loc":{"start":{"line":62,"column":56},"end":{"line":62,"column":70}},"type":"binary-expr","locations":[{"start":{"line":62,"column":56},"end":{"line":62,"column":57}},{"start":{"line":62,"column":61},"end":{"line":62,"column":70}}],"line":62},"8":{"loc":{"start":{"line":69,"column":16},"end":{"line":69,"column":68}},"type":"binary-expr","locations":[{"start":{"line":69,"column":16},"end":{"line":69,"column":62}},{"start":{"line":69,"column":66},"end":{"line":69,"column":68}}],"line":69},"9":{"loc":{"start":{"line":70,"column":135},"end":{"line":70,"column":162}},"type":"cond-expr","locations":[{"start":{"line":70,"column":139},"end":{"line":70,"column":157}},{"start":{"line":70,"column":160},"end":{"line":70,"column":162}}],"line":70},"10":{"loc":{"start":{"line":71,"column":6},"end":{"line":71,"column":51}},"type":"if","locations":[{"start":{"line":71,"column":6},"end":{"line":71,"column":51}},{"start":{},"end":{}}],"line":71},"11":{"loc":{"start":{"line":76,"column":44},"end":{"line":76,"column":58}},"type":"binary-expr","locations":[{"start":{"line":76,"column":44},"end":{"line":76,"column":45}},{"start":{"line":76,"column":49},"end":{"line":76,"column":58}}],"line":76},"12":{"loc":{"start":{"line":107,"column":4},"end":{"line":114,"column":5}},"type":"if","locations":[{"start":{"line":107,"column":4},"end":{"line":114,"column":5}},{"start":{"line":112,"column":11},"end":{"line":114,"column":5}}],"line":107},"13":{"loc":{"start":{"line":120,"column":4},"end":{"line":120,"column":19}},"type":"if","locations":[{"start":{"line":120,"column":4},"end":{"line":120,"column":19}},{"start":{},"end":{}}],"line":120},"14":{"loc":{"start":{"line":122,"column":16},"end":{"line":122,"column":68}},"type":"binary-expr","locations":[{"start":{"line":122,"column":16},"end":{"line":122,"column":62}},{"start":{"line":122,"column":66},"end":{"line":122,"column":68}}],"line":122},"15":{"loc":{"start":{"line":123,"column":101},"end":{"line":123,"column":128}},"type":"cond-expr","locations":[{"start":{"line":123,"column":105},"end":{"line":123,"column":123}},{"start":{"line":123,"column":126},"end":{"line":123,"column":128}}],"line":123},"16":{"loc":{"start":{"line":124,"column":6},"end":{"line":124,"column":51}},"type":"if","locations":[{"start":{"line":124,"column":6},"end":{"line":124,"column":51}},{"start":{},"end":{}}],"line":124},"17":{"loc":{"start":{"line":129,"column":44},"end":{"line":129,"column":58}},"type":"binary-expr","locations":[{"start":{"line":129,"column":44},"end":{"line":129,"column":45}},{"start":{"line":129,"column":49},"end":{"line":129,"column":58}}],"line":129},"18":{"loc":{"start":{"line":135,"column":6},"end":{"line":138,"column":7}},"type":"if","locations":[{"start":{"line":135,"column":6},"end":{"line":138,"column":7}},{"start":{},"end":{}}],"line":135},"19":{"loc":{"start":{"line":139,"column":19},"end":{"line":139,"column":47}},"type":"binary-expr","locations":[{"start":{"line":139,"column":19},"end":{"line":139,"column":29}},{"start":{"line":139,"column":33},"end":{"line":139,"column":47}}],"line":139},"20":{"loc":{"start":{"line":140,"column":16},"end":{"line":140,"column":68}},"type":"binary-expr","locations":[{"start":{"line":140,"column":16},"end":{"line":140,"column":62}},{"start":{"line":140,"column":66},"end":{"line":140,"column":68}}],"line":140},"21":{"loc":{"start":{"line":141,"column":125},"end":{"line":141,"column":152}},"type":"cond-expr","locations":[{"start":{"line":141,"column":129},"end":{"line":141,"column":147}},{"start":{"line":141,"column":150},"end":{"line":141,"column":152}}],"line":141},"22":{"loc":{"start":{"line":142,"column":6},"end":{"line":142,"column":49}},"type":"if","locations":[{"start":{"line":142,"column":6},"end":{"line":142,"column":49}},{"start":{},"end":{}}],"line":142},"23":{"loc":{"start":{"line":148,"column":42},"end":{"line":148,"column":56}},"type":"binary-expr","locations":[{"start":{"line":148,"column":42},"end":{"line":148,"column":43}},{"start":{"line":148,"column":47},"end":{"line":148,"column":56}}],"line":148},"24":{"loc":{"start":{"line":163,"column":113},"end":{"line":163,"column":160}},"type":"cond-expr","locations":[{"start":{"line":163,"column":126},"end":{"line":163,"column":138}},{"start":{"line":163,"column":141},"end":{"line":163,"column":160}}],"line":163},"25":{"loc":{"start":{"line":198,"column":19},"end":{"line":198,"column":130}},"type":"cond-expr","locations":[{"start":{"line":198,"column":34},"end":{"line":198,"column":122}},{"start":{"line":198,"column":126},"end":{"line":198,"column":130}}],"line":198},"26":{"loc":{"start":{"line":199,"column":19},"end":{"line":199,"column":118}},"type":"cond-expr","locations":[{"start":{"line":199,"column":34},"end":{"line":199,"column":110}},{"start":{"line":199,"column":114},"end":{"line":199,"column":118}}],"line":199},"27":{"loc":{"start":{"line":205,"column":80},"end":{"line":205,"column":146}},"type":"binary-expr","locations":[{"start":{"line":205,"column":80},"end":{"line":205,"column":93}},{"start":{"line":205,"column":97},"end":{"line":205,"column":146}}],"line":205},"28":{"loc":{"start":{"line":205,"column":120},"end":{"line":205,"column":138}},"type":"binary-expr","locations":[{"start":{"line":205,"column":120},"end":{"line":205,"column":132}},{"start":{"line":205,"column":136},"end":{"line":205,"column":138}}],"line":205},"29":{"loc":{"start":{"line":205,"column":149},"end":{"line":205,"column":192}},"type":"cond-expr","locations":[{"start":{"line":205,"column":163},"end":{"line":205,"column":174}},{"start":{"line":205,"column":177},"end":{"line":205,"column":192}}],"line":205},"30":{"loc":{"start":{"line":206,"column":19},"end":{"line":206,"column":139}},"type":"cond-expr","locations":[{"start":{"line":206,"column":39},"end":{"line":206,"column":131}},{"start":{"line":206,"column":135},"end":{"line":206,"column":139}}],"line":206},"31":{"loc":{"start":{"line":213,"column":15},"end":{"line":218,"column":56}},"type":"cond-expr","locations":[{"start":{"line":214,"column":16},"end":{"line":217,"column":22}},{"start":{"line":218,"column":18},"end":{"line":218,"column":56}}],"line":213}},"s":{"0":16,"1":16,"2":16,"3":16,"4":16,"5":16,"6":16,"7":16,"8":16,"9":16,"10":16,"11":4,"12":16,"13":5,"14":4,"15":4,"16":1,"17":1,"18":0,"19":0,"20":1,"21":1,"22":5,"23":5,"24":5,"25":5,"26":5,"27":0,"28":5,"29":5,"30":0,"31":0,"32":5,"33":1,"34":1,"35":1,"36":1,"37":1,"38":0,"39":1,"40":1,"41":1,"42":0,"43":0,"44":0,"45":0,"46":0,"47":0,"48":0,"49":0,"50":0,"51":0,"52":0,"53":0,"54":0,"55":0,"56":0,"57":0,"58":0,"59":0,"60":0,"61":0,"62":0,"63":0,"64":0,"65":0,"66":0,"67":1,"68":1,"69":0,"70":1,"71":1,"72":1,"73":1,"74":0,"75":1,"76":1,"77":0,"78":0,"79":0,"80":0,"81":0,"82":0,"83":0,"84":0,"85":0,"86":0,"87":0,"88":0,"89":0,"90":0,"91":0,"92":0,"93":16,"94":7,"95":1,"96":0,"97":0,"98":1,"99":0,"100":1},"f":{"0":16,"1":4,"2":5,"3":5,"4":1,"5":0,"6":0,"7":0,"8":1,"9":0,"10":7,"11":1,"12":0,"13":0,"14":1,"15":0,"16":1},"b":{"0":[4,1],"1":[5,1],"2":[1,0],"3":[5,5],"4":[0,5],"5":[0,5],"6":[5,0],"7":[0,0],"8":[1,1],"9":[0,1],"10":[0,1],"11":[0,0],"12":[0,0],"13":[0,1],"14":[1,1],"15":[0,1],"16":[0,1],"17":[0,0],"18":[0,0],"19":[0,0],"20":[0,0],"21":[0,0],"22":[0,0],"23":[0,0],"24":[5,11],"25":[0,16],"26":[0,16],"27":[16,0],"28":[0,0],"29":[0,16],"30":[1,15],"31":[1,15]},"_coverageSchema":"1a1c01bbd47fc00a2c39e90264f33305004495a9","hash":"a593b7b8914a42624e48040b6db987bc87e98ac5"}
,"C:\\Users\\USER\\Documents\\GitHub\\postbot\\admin\\src\\ui\\NotificationProvider.jsx": {"path":"C:\\Users\\USER\\Documents\\GitHub\\postbot\\admin\\src\\ui\\NotificationProvider.jsx","statementMap":{"0":{"start":{"line":11,"column":28},"end":{"line":11,"column":47}},"1":{"start":{"line":14,"column":42},"end":{"line":14,"column":56}},"2":{"start":{"line":15,"column":32},"end":{"line":15,"column":46}},"3":{"start":{"line":18,"column":4},"end":{"line":18,"column":35}},"4":{"start":{"line":19,"column":4},"end":{"line":19,"column":57}},"5":{"start":{"line":19,"column":13},"end":{"line":19,"column":57}},"6":{"start":{"line":19,"column":30},"end":{"line":19,"column":51}},"7":{"start":{"line":23,"column":4},"end":{"line":25,"column":6}},"8":{"start":{"line":24,"column":6},"end":{"line":24,"column":38}},"9":{"start":{"line":29,"column":4},"end":{"line":29,"column":77}},"10":{"start":{"line":29,"column":58},"end":{"line":29,"column":77}},"11":{"start":{"line":30,"column":4},"end":{"line":30,"column":20}},"12":{"start":{"line":33,"column":2},"end":{"line":54,"column":3}},"13":{"start":{"line":43,"column":46},"end":{"line":43,"column":66}},"14":{"start":{"line":49,"column":33},"end":{"line":49,"column":53}},"15":{"start":{"line":50,"column":33},"end":{"line":50,"column":52}},"16":{"start":{"line":58,"column":14},"end":{"line":58,"column":45}},"17":{"start":{"line":59,"column":2},"end":{"line":59,"column":88}},"18":{"start":{"line":59,"column":12},"end":{"line":59,"column":88}},"19":{"start":{"line":60,"column":2},"end":{"line":60,"column":12}}},"fnMap":{"0":{"name":"NotificationProvider","decl":{"start":{"line":13,"column":16},"end":{"line":13,"column":36}},"loc":{"start":{"line":13,"column":51},"end":{"line":55,"column":1}},"line":13},"1":{"name":"showNotification","decl":{"start":{"line":17,"column":11},"end":{"line":17,"column":27}},"loc":{"start":{"line":17,"column":61},"end":{"line":20,"column":3}},"line":17},"2":{"name":"(anonymous_2)","decl":{"start":{"line":19,"column":24},"end":{"line":19,"column":25}},"loc":{"start":{"line":19,"column":30},"end":{"line":19,"column":51}},"line":19},"3":{"name":"showConfirm","decl":{"start":{"line":22,"column":11},"end":{"line":22,"column":22}},"loc":{"start":{"line":22,"column":32},"end":{"line":26,"column":3}},"line":22},"4":{"name":"(anonymous_4)","decl":{"start":{"line":23,"column":23},"end":{"line":23,"column":24}},"loc":{"start":{"line":23,"column":36},"end":{"line":25,"column":5}},"line":23},"5":{"name":"handleConfirm","decl":{"start":{"line":28,"column":11},"end":{"line":28,"column":24}},"loc":{"start":{"line":28,"column":29},"end":{"line":31,"column":3}},"line":28},"6":{"name":"(anonymous_6)","decl":{"start":{"line":43,"column":40},"end":{"line":43,"column":41}},"loc":{"start":{"line":43,"column":46},"end":{"line":43,"column":66}},"line":43},"7":{"name":"(anonymous_7)","decl":{"start":{"line":49,"column":27},"end":{"line":49,"column":28}},"loc":{"start":{"line":49,"column":33},"end":{"line":49,"column":53}},"line":49},"8":{"name":"(anonymous_8)","decl":{"start":{"line":50,"column":27},"end":{"line":50,"column":28}},"loc":{"start":{"line":50,"column":33},"end":{"line":50,"column":52}},"line":50},"9":{"name":"useNotifications","decl":{"start":{"line":57,"column":16},"end":{"line":57,"column":32}},"loc":{"start":{"line":57,"column":35},"end":{"line":61,"column":1}},"line":57}},"branchMap":{"0":{"loc":{"start":{"line":17,"column":34},"end":{"line":17,"column":47}},"type":"default-arg","locations":[{"start":{"line":17,"column":41},"end":{"line":17,"column":47}}],"line":17},"1":{"loc":{"start":{"line":17,"column":49},"end":{"line":17,"column":59}},"type":"default-arg","locations":[{"start":{"line":17,"column":55},"end":{"line":17,"column":59}}],"line":17},"2":{"loc":{"start":{"line":19,"column":4},"end":{"line":19,"column":57}},"type":"if","locations":[{"start":{"line":19,"column":4},"end":{"line":19,"column":57}},{"start":{},"end":{}}],"line":19},"3":{"loc":{"start":{"line":29,"column":4},"end":{"line":29,"column":77}},"type":"if","locations":[{"start":{"line":29,"column":4},"end":{"line":29,"column":77}},{"start":{},"end":{}}],"line":29},"4":{"loc":{"start":{"line":29,"column":8},"end":{"line":29,"column":56}},"type":"binary-expr","locations":[{"start":{"line":29,"column":8},"end":{"line":29,"column":15}},{"start":{"line":29,"column":19},"end":{"line":29,"column":56}}],"line":29},"5":{"loc":{"start":{"line":38,"column":9},"end":{"line":40,"column":16}},"type":"cond-expr","locations":[{"start":{"line":39,"column":10},"end":{"line":39,"column":90}},{"start":{"line":40,"column":12},"end":{"line":40,"column":16}}],"line":38},"6":{"loc":{"start":{"line":46,"column":30},"end":{"line":46,"column":60}},"type":"cond-expr","locations":[{"start":{"line":46,"column":40},"end":{"line":46,"column":55}},{"start":{"line":46,"column":58},"end":{"line":46,"column":60}}],"line":46},"7":{"loc":{"start":{"line":59,"column":2},"end":{"line":59,"column":88}},"type":"if","locations":[{"start":{"line":59,"column":2},"end":{"line":59,"column":88}},{"start":{},"end":{}}],"line":59}},"s":{"0":1,"1":4,"2":4,"3":0,"4":0,"5":0,"6":0,"7":0,"8":0,"9":0,"10":0,"11":0,"12":4,"13":0,"14":0,"15":0,"16":0,"17":0,"18":0,"19":0},"f":{"0":4,"1":0,"2":0,"3":0,"4":0,"5":0,"6":0,"7":0,"8":0,"9":0},"b":{"0":[0],"1":[0],"2":[0,0],"3":[0,0],"4":[0,0],"5":[0,4],"6":[0,4],"7":[0,0]},"_coverageSchema":"1a1c01bbd47fc00a2c39e90264f33305004495a9","hash":"c1fe6809dc8074239828484ae5275c8169b32f8a"}
}
