TN:
SF:src\App.jsx
FN:24,App
FN:33,refresh
FN:45,showJob
FN:50,saveKey
FN:55,doRetry
FN:63,doRemove
FN:71,prevPage
FN:71,(anonymous_7)
FN:72,nextPage
FN:72,(anonymous_9)
FN:74,simulatePresigned
FN:91,simulateOutPath
FN:104,simulateAdminStaticRender
FN:128,(anonymous_13)
FN:129,(anonymous_14)
FN:130,(anonymous_15)
FN:132,(anonymous_16)
FN:133,(anonymous_17)
FN:134,(anonymous_18)
FN:153,(anonymous_19)
FN:159,(anonymous_20)
FN:160,(anonymous_21)
FN:161,(anonymous_22)
FN:186,(anonymous_23)
FN:190,(anonymous_24)
FN:202,(anonymous_25)
FNF:26
FNH:7
FNDA:4,App
FNDA:0,refresh
FNDA:0,showJob
FNDA:0,saveKey
FNDA:0,doRetry
FNDA:0,doRemove
FNDA:0,prevPage
FNDA:0,(anonymous_7)
FNDA:0,nextPage
FNDA:0,(anonymous_9)
FNDA:1,simulatePresigned
FNDA:1,simulateOutPath
FNDA:0,simulateAdminStaticRender
FNDA:0,(anonymous_13)
FNDA:0,(anonymous_14)
FNDA:0,(anonymous_15)
FNDA:1,(anonymous_16)
FNDA:1,(anonymous_17)
FNDA:0,(anonymous_18)
FNDA:0,(anonymous_19)
FNDA:0,(anonymous_20)
FNDA:0,(anonymous_21)
FNDA:0,(anonymous_22)
FNDA:1,(anonymous_23)
FNDA:0,(anonymous_24)
FNDA:1,(anonymous_25)
DA:22,1
DA:25,4
DA:26,4
DA:27,4
DA:28,4
DA:29,4
DA:30,4
DA:31,4
DA:34,0
DA:35,0
DA:36,0
DA:37,0
DA:39,0
DA:40,0
DA:46,0
DA:47,0
DA:51,0
DA:52,0
DA:56,0
DA:57,0
DA:58,0
DA:59,0
DA:60,0
DA:64,0
DA:65,0
DA:66,0
DA:67,0
DA:68,0
DA:71,0
DA:72,0
DA:75,1
DA:88,1
DA:92,1
DA:100,1
DA:105,0
DA:106,0
DA:107,0
DA:108,0
DA:109,0
DA:110,0
DA:111,0
DA:113,0
DA:114,0
DA:118,4
DA:128,0
DA:129,0
DA:130,0
DA:132,1
DA:133,1
DA:134,0
DA:154,0
DA:159,0
DA:160,0
DA:161,0
DA:187,1
DA:188,1
DA:189,1
DA:190,1
DA:191,0
DA:192,0
DA:193,0
DA:194,0
DA:195,0
DA:196,0
DA:197,0
DA:198,0
DA:200,0
DA:203,1
DA:204,1
DA:205,1
DA:206,1
LF:71
LH:23
BRDA:28,0,0,4
BRDA:28,0,1,4
BRDA:37,1,0,0
BRDA:37,1,1,0
BRDA:59,2,0,0
BRDA:59,2,1,0
BRDA:59,3,0,0
BRDA:59,3,1,0
BRDA:67,4,0,0
BRDA:67,4,1,0
BRDA:67,5,0,0
BRDA:67,5,1,0
BRDA:106,6,0,0
BRDA:106,6,1,0
BRDA:107,7,0,0
BRDA:107,7,1,0
BRDA:108,8,0,0
BRDA:108,8,1,0
BRDA:114,9,0,0
BRDA:114,9,1,0
BRDA:128,10,0,0
BRDA:128,10,1,4
BRDA:139,11,0,4
BRDA:139,11,1,0
BRDA:178,12,0,2
BRDA:178,12,1,2
BRDA:186,13,0,1
BRDA:186,13,1,1
BRDA:186,14,0,2
BRDA:186,14,1,2
BRDA:192,15,0,0
BRDA:192,15,1,0
BRDA:193,16,0,0
BRDA:193,16,1,0
BRDA:194,17,0,0
BRDA:194,17,1,0
BRDA:202,18,0,1
BRDA:202,18,1,1
BRDA:202,19,0,2
BRDA:202,19,1,2
BRDA:205,20,0,1
BRDA:205,20,1,0
BRDA:210,21,0,1
BRDA:210,21,1,0
BRDA:210,22,0,1
BRDA:210,22,1,1
BRF:46
BRH:18
end_of_record
TN:
SF:src\RenderPlayer.jsx
FN:22,RenderPlayer
FN:34,(anonymous_1)
FN:37,(anonymous_2)
FN:52,fetchTemplates
FN:66,renderTemplate
FN:80,loadForEdit
FN:96,cancelEdit
FN:104,viewTemplate
FN:117,deleteTemplate
FN:133,importAndSave
FN:166,(anonymous_10)
FN:170,(anonymous_11)
FN:173,(anonymous_12)
FN:176,(anonymous_13)
FN:179,(anonymous_14)
FN:197,(anonymous_15)
FN:202,(anonymous_16)
FNF:17
FNH:10
FNDA:16,RenderPlayer
FNDA:4,(anonymous_1)
FNDA:5,(anonymous_2)
FNDA:5,fetchTemplates
FNDA:1,renderTemplate
FNDA:0,loadForEdit
FNDA:0,cancelEdit
FNDA:0,viewTemplate
FNDA:1,deleteTemplate
FNDA:0,importAndSave
FNDA:7,(anonymous_10)
FNDA:1,(anonymous_11)
FNDA:0,(anonymous_12)
FNDA:0,(anonymous_13)
FNDA:1,(anonymous_14)
FNDA:0,(anonymous_15)
FNDA:1,(anonymous_16)
DA:23,16
DA:24,16
DA:25,16
DA:26,16
DA:27,16
DA:28,16
DA:29,16
DA:30,16
DA:31,16
DA:32,16
DA:34,16
DA:37,16
DA:38,5
DA:39,4
DA:40,4
DA:42,1
DA:43,1
DA:44,0
DA:45,0
DA:47,1
DA:48,1
DA:53,5
DA:54,5
DA:55,5
DA:56,5
DA:57,5
DA:58,5
DA:59,5
DA:61,0
DA:62,0
DA:63,5
DA:67,1
DA:68,1
DA:69,1
DA:70,1
DA:71,1
DA:72,1
DA:73,1
DA:74,1
DA:76,0
DA:81,0
DA:82,0
DA:83,0
DA:84,0
DA:85,0
DA:86,0
DA:87,0
DA:89,0
DA:90,0
DA:91,0
DA:93,0
DA:97,0
DA:98,0
DA:99,0
DA:100,0
DA:101,0
DA:105,0
DA:106,0
DA:107,0
DA:108,0
DA:109,0
DA:110,0
DA:111,0
DA:113,0
DA:119,1
DA:120,1
DA:121,1
DA:122,1
DA:123,1
DA:124,1
DA:125,1
DA:126,1
DA:128,0
DA:129,0
DA:134,0
DA:135,0
DA:136,0
DA:137,0
DA:139,0
DA:140,0
DA:141,0
DA:142,0
DA:143,0
DA:144,0
DA:145,0
DA:147,0
DA:148,0
DA:152,16
DA:167,7
DA:170,1
DA:173,0
DA:176,0
DA:179,1
DA:197,0
DA:202,1
LF:95
LH:48
BRDA:38,0,0,4
BRDA:38,0,1,1
BRDA:38,1,0,5
BRDA:38,1,1,1
BRDA:48,2,0,1
BRDA:48,2,1,0
BRDA:55,3,0,5
BRDA:55,3,1,5
BRDA:56,4,0,0
BRDA:56,4,1,5
BRDA:57,5,0,0
BRDA:57,5,1,5
BRDA:59,6,0,5
BRDA:59,6,1,0
BRDA:62,7,0,0
BRDA:62,7,1,0
BRDA:69,8,0,1
BRDA:69,8,1,1
BRDA:70,9,0,0
BRDA:70,9,1,1
BRDA:71,10,0,0
BRDA:71,10,1,1
BRDA:76,11,0,0
BRDA:76,11,1,0
BRDA:107,12,0,0
BRDA:107,12,1,0
BRDA:120,13,0,0
BRDA:120,13,1,1
BRDA:122,14,0,1
BRDA:122,14,1,1
BRDA:123,15,0,0
BRDA:123,15,1,1
BRDA:124,16,0,0
BRDA:124,16,1,1
BRDA:129,17,0,0
BRDA:129,17,1,0
BRDA:135,18,0,0
BRDA:135,18,1,0
BRDA:139,19,0,0
BRDA:139,19,1,0
BRDA:140,20,0,0
BRDA:140,20,1,0
BRDA:141,21,0,0
BRDA:141,21,1,0
BRDA:142,22,0,0
BRDA:142,22,1,0
BRDA:148,23,0,0
BRDA:148,23,1,0
BRDA:163,24,0,5
BRDA:163,24,1,11
BRDA:198,25,0,0
BRDA:198,25,1,16
BRDA:199,26,0,0
BRDA:199,26,1,16
BRDA:205,27,0,16
BRDA:205,27,1,0
BRDA:205,28,0,0
BRDA:205,28,1,0
BRDA:205,29,0,0
BRDA:205,29,1,16
BRDA:206,30,0,1
BRDA:206,30,1,15
BRDA:213,31,0,1
BRDA:213,31,1,15
BRF:64
BRH:29
end_of_record
TN:
SF:src\ui\NotificationProvider.jsx
FN:13,NotificationProvider
FN:17,showNotification
FN:19,(anonymous_2)
FN:22,showConfirm
FN:23,(anonymous_4)
FN:28,handleConfirm
FN:43,(anonymous_6)
FN:49,(anonymous_7)
FN:50,(anonymous_8)
FN:57,useNotifications
FNF:10
FNH:1
FNDA:4,NotificationProvider
FNDA:0,showNotification
FNDA:0,(anonymous_2)
FNDA:0,showConfirm
FNDA:0,(anonymous_4)
FNDA:0,handleConfirm
FNDA:0,(anonymous_6)
FNDA:0,(anonymous_7)
FNDA:0,(anonymous_8)
FNDA:0,useNotifications
DA:11,1
DA:14,4
DA:15,4
DA:18,0
DA:19,0
DA:23,0
DA:24,0
DA:29,0
DA:30,0
DA:33,4
DA:43,0
DA:49,0
DA:50,0
DA:58,0
DA:59,0
DA:60,0
LF:16
LH:4
BRDA:17,0,0,0
BRDA:17,1,0,0
BRDA:19,2,0,0
BRDA:19,2,1,0
BRDA:29,3,0,0
BRDA:29,3,1,0
BRDA:29,4,0,0
BRDA:29,4,1,0
BRDA:38,5,0,0
BRDA:38,5,1,4
BRDA:46,6,0,0
BRDA:46,6,1,4
BRDA:59,7,0,0
BRDA:59,7,1,0
BRF:14
BRH:2
end_of_record
